<?xml version="1.0" encoding="UTF-8"?>
<testng-results skipped="0" failed="0" ignored="0" total="1" passed="1">
  <reporter-output>
  </reporter-output>
  <suite name="Default suite" duration-ms="35513" started-at="2020-06-03T05:31:14Z" finished-at="2020-06-03T05:31:49Z">
    <groups>
    </groups>
    <test name="Default test" duration-ms="35513" started-at="2020-06-03T05:31:14Z" finished-at="2020-06-03T05:31:49Z">
      <class name="testcase.makemytrip">
        <test-method status="PASS" signature="setUp()[pri:0, instance:testcase.makemytrip@61f8bee4]" name="setUp" is-config="true" duration-ms="10" started-at="2020-06-03T11:01:14Z" finished-at="2020-06-03T11:01:14Z">
          <reporter-output>
          </reporter-output>
        </test-method> <!-- setUp -->
        <test-method status="PASS" signature="maketrip()[pri:0, instance:testcase.makemytrip@61f8bee4]" name="maketrip" duration-ms="35497" started-at="2020-06-03T11:01:14Z" finished-at="2020-06-03T11:01:49Z">
          <reporter-output>
          </reporter-output>
        </test-method> <!-- maketrip -->
        <test-method status="PASS" signature="closeBrowser()[pri:0, instance:testcase.makemytrip@61f8bee4]" name="closeBrowser" is-config="true" duration-ms="941" started-at="2020-06-03T11:01:49Z" finished-at="2020-06-03T11:01:50Z">
          <reporter-output>
          </reporter-output>
        </test-method> <!-- closeBrowser -->
      </class> <!-- testcase.makemytrip -->
    </test> <!-- Default test -->
  </suite> <!-- Default suite -->
</testng-results>
